#
# There is insufficient memory for the Java Runtime Environment to continue.
# Native memory allocation (malloc) failed to allocate 32744 bytes for ChunkPool::allocate
# Possible reasons:
#   The system is out of physical RAM or swap space
#   In 32 bit mode, the process size limit was hit
# Possible solutions:
#   Reduce memory load on the system
#   Increase physical memory or swap space
#   Check if swap backing store is full
#   Use 64 bit Java on a 64 bit OS
#   Decrease Java heap size (-Xmx/-Xms)
#   Decrease number of Java threads
#   Decrease Java thread stack sizes (-Xss)
#   Set larger code cache with -XX:ReservedCodeCacheSize=
# This output file may be truncated or incomplete.
#
#  Out of Memory Error (allocation.cpp:273), pid=7748, tid=0x0000000000001ac0
#
# JRE version: Java(TM) SE Runtime Environment (8.0_171-b11) (build 1.8.0_171-b11)
# Java VM: Java HotSpot(TM) 64-Bit Server VM (25.171-b11 mixed mode windows-amd64 compressed oops)
# Failed to write core dump. Minidumps are not enabled by default on client versions of Windows
#

---------------  T H R E A D  ---------------

Current thread (0x0000000016b4d800):  JavaThread "C2 CompilerThread0" daemon [_thread_in_native, id=6848, stack(0x0000000017ca0000,0x0000000017da0000)]

Stack: [0x0000000017ca0000,0x0000000017da0000]
[error occurred during error reporting (printing stack bounds), id 0xc0000005]

Native frames: (J=compiled Java code, j=interpreted, Vv=VM code, C=native code)


Current CompileTask:
C2:  18245 3840       4       java.net.URLClassLoader$1::run (5 bytes)


---------------  P R O C E S S  ---------------

Java Threads: ( => current thread )
  0x00000000197a3800 JavaThread "HikariPool-1 connection adder" daemon [_thread_in_native, id=6612, stack(0x000000001e770000,0x000000001e870000)]
  0x00000000197a1800 JavaThread "HikariPool-1 housekeeper" daemon [_thread_blocked, id=4124, stack(0x000000001e670000,0x000000001e770000)]
  0x00000000197a4800 JavaThread "mysql-cj-abandoned-connection-cleanup" daemon [_thread_blocked, id=3500, stack(0x000000001dc30000,0x000000001dd30000)]
  0x000000001b638800 JavaThread "container-0" [_thread_blocked, id=3376, stack(0x000000001db30000,0x000000001dc30000)]
  0x000000001b638000 JavaThread "Catalina-utility-2" [_thread_blocked, id=3132, stack(0x000000001da30000,0x000000001db30000)]
  0x000000001b7ce000 JavaThread "Catalina-utility-1" [_thread_blocked, id=9044, stack(0x000000001a930000,0x000000001aa30000)]
  0x0000000018916000 JavaThread "restartedMain" [_thread_in_vm, id=3324, stack(0x000000001a150000,0x000000001a250000)]
  0x0000000018b8e800 JavaThread "Thread-0" [_thread_blocked, id=3044, stack(0x000000001a050000,0x000000001a150000)]
  0x0000000016bb1000 JavaThread "Service Thread" daemon [_thread_blocked, id=3196, stack(0x0000000017ea0000,0x0000000017fa0000)]
  0x0000000016bab000 JavaThread "C1 CompilerThread1" daemon [_thread_blocked, id=8000, stack(0x0000000017da0000,0x0000000017ea0000)]
=>0x0000000016b4d800 JavaThread "C2 CompilerThread0" daemon [_thread_in_native, id=6848, stack(0x0000000017ca0000,0x0000000017da0000)]
  0x0000000016b4c800 JavaThread "Attach Listener" daemon [_thread_blocked, id=7464, stack(0x0000000017ba0000,0x0000000017ca0000)]
  0x0000000016b49000 JavaThread "Signal Dispatcher" daemon [_thread_blocked, id=4244, stack(0x0000000017aa0000,0x0000000017ba0000)]
  0x0000000016b38800 JavaThread "Finalizer" daemon [_thread_blocked, id=7392, stack(0x0000000017780000,0x0000000017880000)]
  0x0000000002241800 JavaThread "Reference Handler" daemon [_thread_blocked, id=4028, stack(0x0000000017680000,0x0000000017780000)]
  0x0000000002154000 JavaThread "main" [_thread_blocked, id=524, stack(0x0000000002050000,0x0000000002150000)]

Other Threads:
  0x0000000016b16000 VMThread [stack: 0x0000000017580000,0x0000000017680000] [id=5852]
  0x0000000016bd6800 WatcherThread [stack: 0x0000000017fa0000,0x00000000180a0000] [id=7576]

VM state:not at safepoint (normal execution)

VM Mutex/Monitor currently owned by a thread: None

Heap:
 PSYoungGen      total 203264K, used 87652K [0x00000000d5e00000, 0x00000000e3500000, 0x0000000100000000)
  eden space 191488K, 45% used [0x00000000d5e00000,0x00000000db399120,0x00000000e1900000)
  from space 11776K, 0% used [0x00000000e2580000,0x00000000e2580000,0x00000000e3100000)
  to   space 12800K, 0% used [0x00000000e1900000,0x00000000e1900000,0x00000000e2580000)
 ParOldGen       total 59904K, used 14918K [0x0000000081a00000, 0x0000000085480000, 0x00000000d5e00000)
  object space 59904K, 24% used [0x0000000081a00000,0x0000000082891a00,0x0000000085480000)
 Metaspace       used 45573K, capacity 47848K, committed 48128K, reserved 1091584K
  class space    used 6181K, capacity 6570K, committed 6656K, reserved 1048576K

Card table byte_map: [0x0000000011610000,0x0000000011a10000] byte_map_base: 0x0000000011203000

Marking Bits: (ParMarkBitMap*) 0x000000006bc308c0
 Begin Bits: [0x0000000011ec0000, 0x0000000013e58000)
 End Bits:   [0x0000000013e58000, 0x0000000015df0000)

Polling page: 0x0000000000710000

CodeCache: size=245760Kb used=12780Kb max_used=12780Kb free=232979Kb
 bounds [0x0000000002250000, 0x0000000002ee0000, 0x0000000011250000]
 total_blobs=4239 nmethods=3730 adapters=422
 compilation: enabled

Compilation events (10 events):
Event: 18.205 Thread 0x0000000016bab000 3963       3       net.bytebuddy.implementation.bind.annotation.TargetMethodAnnotationDrivenBinder$DelegationProcessor$Handler$Bound::hashCode (47 bytes)
Event: 18.205 Thread 0x0000000016bab000 nmethod 3963 0x0000000002ed1290 code [0x0000000002ed1440, 0x0000000002ed1938]
Event: 18.206 Thread 0x0000000016bab000 3964       3       net.bytebuddy.description.method.ParameterDescription$AbstractBase::hashCode (58 bytes)
Event: 18.206 Thread 0x0000000016bab000 nmethod 3964 0x0000000002ed1b10 code [0x0000000002ed1ca0, 0x0000000002ed2128]
Event: 18.206 Thread 0x0000000016bab000 3965       3       net.bytebuddy.description.annotation.AnnotationDescription$AbstractBase::hashCode (105 bytes)
Event: 18.207 Thread 0x0000000016bab000 nmethod 3965 0x0000000002ed2250 code [0x0000000002ed2440, 0x0000000002ed2d88]
Event: 18.208 Thread 0x0000000016bab000 3966       3       net.bytebuddy.description.method.MethodDescription$AbstractBase::hashCode (110 bytes)
Event: 18.208 Thread 0x0000000016bab000 nmethod 3966 0x0000000002ed3090 code [0x0000000002ed32c0, 0x0000000002ed3d48]
Event: 18.217 Thread 0x0000000016bab000 3967       3       net.bytebuddy.description.type.TypeDescription$Generic$Visitor$Substitutor::<init> (5 bytes)
Event: 18.217 Thread 0x0000000016bab000 nmethod 3967 0x0000000002ed4090 code [0x0000000002ed41e0, 0x0000000002ed4390]

GC Heap History (10 events):
Event: 4.840 GC heap before
{Heap before GC invocations=6 (full 0):
 PSYoungGen      total 71680K, used 11793K [0x00000000d5e00000, 0x00000000df400000, 0x0000000100000000)
  eden space 66560K, 10% used [0x00000000d5e00000,0x00000000d6488ab8,0x00000000d9f00000)
  from space 5120K, 99% used [0x00000000d9f00000,0x00000000da3fbab0,0x00000000da400000)
  to   space 10240K, 0% used [0x00000000dea00000,0x00000000dea00000,0x00000000df400000)
 ParOldGen       total 87552K, used 6419K [0x0000000081a00000, 0x0000000086f80000, 0x00000000d5e00000)
  object space 87552K, 7% used [0x0000000081a00000,0x0000000082044f30,0x0000000086f80000)
 Metaspace       used 20239K, capacity 21250K, committed 21296K, reserved 1069056K
  class space    used 2565K, capacity 2799K, committed 2816K, reserved 1048576K
Event: 4.868 GC heap after
Heap after GC invocations=6 (full 0):
 PSYoungGen      total 142336K, used 5686K [0x00000000d5e00000, 0x00000000df300000, 0x0000000100000000)
  eden space 133120K, 0% used [0x00000000d5e00000,0x00000000d5e00000,0x00000000de000000)
  from space 9216K, 61% used [0x00000000dea00000,0x00000000def8d8c0,0x00000000df300000)
  to   space 9728K, 0% used [0x00000000de000000,0x00000000de000000,0x00000000de980000)
 ParOldGen       total 87552K, used 6419K [0x0000000081a00000, 0x0000000086f80000, 0x00000000d5e00000)
  object space 87552K, 7% used [0x0000000081a00000,0x0000000082044f30,0x0000000086f80000)
 Metaspace       used 20239K, capacity 21250K, committed 21296K, reserved 1069056K
  class space    used 2565K, capacity 2799K, committed 2816K, reserved 1048576K
}
Event: 4.868 GC heap before
{Heap before GC invocations=7 (full 1):
 PSYoungGen      total 142336K, used 5686K [0x00000000d5e00000, 0x00000000df300000, 0x0000000100000000)
  eden space 133120K, 0% used [0x00000000d5e00000,0x00000000d5e00000,0x00000000de000000)
  from space 9216K, 61% used [0x00000000dea00000,0x00000000def8d8c0,0x00000000df300000)
  to   space 9728K, 0% used [0x00000000de000000,0x00000000de000000,0x00000000de980000)
 ParOldGen       total 87552K, used 6419K [0x0000000081a00000, 0x0000000086f80000, 0x00000000d5e00000)
  object space 87552K, 7% used [0x0000000081a00000,0x0000000082044f30,0x0000000086f80000)
 Metaspace       used 20239K, capacity 21250K, committed 21296K, reserved 1069056K
  class space    used 2565K, capacity 2799K, committed 2816K, reserved 1048576K
Event: 4.990 GC heap after
Heap after GC invocations=7 (full 1):
 PSYoungGen      total 142336K, used 0K [0x00000000d5e00000, 0x00000000df300000, 0x0000000100000000)
  eden space 133120K, 0% used [0x00000000d5e00000,0x00000000d5e00000,0x00000000de000000)
  from space 9216K, 0% used [0x00000000dea00000,0x00000000dea00000,0x00000000df300000)
  to   space 9728K, 0% used [0x00000000de000000,0x00000000de000000,0x00000000de980000)
 ParOldGen       total 59904K, used 6144K [0x0000000081a00000, 0x0000000085480000, 0x00000000d5e00000)
  object space 59904K, 10% used [0x0000000081a00000,0x00000000820001a0,0x0000000085480000)
 Metaspace       used 20239K, capacity 21250K, committed 21296K, reserved 1069056K
  class space    used 2565K, capacity 2799K, committed 2816K, reserved 1048576K
}
Event: 8.608 GC heap before
{Heap before GC invocations=8 (full 1):
 PSYoungGen      total 142336K, used 133120K [0x00000000d5e00000, 0x00000000df300000, 0x0000000100000000)
  eden space 133120K, 100% used [0x00000000d5e00000,0x00000000de000000,0x00000000de000000)
  from space 9216K, 0% used [0x00000000dea00000,0x00000000dea00000,0x00000000df300000)
  to   space 9728K, 0% used [0x00000000de000000,0x00000000de000000,0x00000000de980000)
 ParOldGen       total 59904K, used 6144K [0x0000000081a00000, 0x0000000085480000, 0x00000000d5e00000)
  object space 59904K, 10% used [0x0000000081a00000,0x00000000820001a0,0x0000000085480000)
 Metaspace       used 28121K, capacity 30116K, committed 30464K, reserved 1075200K
  class space    used 3652K, capacity 4020K, committed 4096K, reserved 1048576K
Event: 8.634 GC heap after
Heap after GC invocations=8 (full 1):
 PSYoungGen      total 142848K, used 9720K [0x00000000d5e00000, 0x00000000e3100000, 0x0000000100000000)
  eden space 133120K, 0% used [0x00000000d5e00000,0x00000000d5e00000,0x00000000de000000)
  from space 9728K, 99% used [0x00000000de000000,0x00000000de97e2e8,0x00000000de980000)
  to   space 11776K, 0% used [0x00000000e2580000,0x00000000e2580000,0x00000000e3100000)
 ParOldGen       total 59904K, used 7620K [0x0000000081a00000, 0x0000000085480000, 0x00000000d5e00000)
  object space 59904K, 12% used [0x0000000081a00000,0x00000000821712b8,0x0000000085480000)
 Metaspace       used 28121K, capacity 30116K, committed 30464K, reserved 1075200K
  class space    used 3652K, capacity 4020K, committed 4096K, reserved 1048576K
}
Event: 10.082 GC heap before
{Heap before GC invocations=9 (full 1):
 PSYoungGen      total 142848K, used 92786K [0x00000000d5e00000, 0x00000000e3100000, 0x0000000100000000)
  eden space 133120K, 62% used [0x00000000d5e00000,0x00000000daf1e628,0x00000000de000000)
  from space 9728K, 99% used [0x00000000de000000,0x00000000de97e2e8,0x00000000de980000)
  to   space 11776K, 0% used [0x00000000e2580000,0x00000000e2580000,0x00000000e3100000)
 ParOldGen       total 59904K, used 7620K [0x0000000081a00000, 0x0000000085480000, 0x00000000d5e00000)
  object space 59904K, 12% used [0x0000000081a00000,0x00000000821712b8,0x0000000085480000)
 Metaspace       used 33287K, capacity 35422K, committed 35496K, reserved 1079296K
  class space    used 4405K, capacity 4807K, committed 4864K, reserved 1048576K
Event: 10.118 GC heap after
Heap after GC invocations=9 (full 1):
 PSYoungGen      total 203264K, used 10093K [0x00000000d5e00000, 0x00000000e3500000, 0x0000000100000000)
  eden space 191488K, 0% used [0x00000000d5e00000,0x00000000d5e00000,0x00000000e1900000)
  from space 11776K, 85% used [0x00000000e2580000,0x00000000e2f5b5c0,0x00000000e3100000)
  to   space 12800K, 0% used [0x00000000e1900000,0x00000000e1900000,0x00000000e2580000)
 ParOldGen       total 59904K, used 7620K [0x0000000081a00000, 0x0000000085480000, 0x00000000d5e00000)
  object space 59904K, 12% used [0x0000000081a00000,0x00000000821712b8,0x0000000085480000)
 Metaspace       used 33287K, capacity 35422K, committed 35496K, reserved 1079296K
  class space    used 4405K, capacity 4807K, committed 4864K, reserved 1048576K
}
Event: 10.118 GC heap before
{Heap before GC invocations=10 (full 2):
 PSYoungGen      total 203264K, used 10093K [0x00000000d5e00000, 0x00000000e3500000, 0x0000000100000000)
  eden space 191488K, 0% used [0x00000000d5e00000,0x00000000d5e00000,0x00000000e1900000)
  from space 11776K, 85% used [0x00000000e2580000,0x00000000e2f5b5c0,0x00000000e3100000)
  to   space 12800K, 0% used [0x00000000e1900000,0x00000000e1900000,0x00000000e2580000)
 ParOldGen       total 59904K, used 7620K [0x0000000081a00000, 0x0000000085480000, 0x00000000d5e00000)
  object space 59904K, 12% used [0x0000000081a00000,0x00000000821712b8,0x0000000085480000)
 Metaspace       used 33287K, capacity 35422K, committed 35496K, reserved 1079296K
  class space    used 4405K, capacity 4807K, committed 4864K, reserved 1048576K
Event: 10.213 GC heap after
Heap after GC invocations=10 (full 2):
 PSYoungGen      total 203264K, used 0K [0x00000000d5e00000, 0x00000000e3500000, 0x0000000100000000)
  eden space 191488K, 0% used [0x00000000d5e00000,0x00000000d5e00000,0x00000000e1900000)
  from space 11776K, 0% used [0x00000000e2580000,0x00000000e2580000,0x00000000e3100000)
  to   space 12800K, 0% used [0x00000000e1900000,0x00000000e1900000,0x00000000e2580000)
 ParOldGen       total 59904K, used 14918K [0x0000000081a00000, 0x0000000085480000, 0x00000000d5e00000)
  object space 59904K, 24% used [0x0000000081a00000,0x0000000082891a00,0x0000000085480000)
 Metaspace       used 33287K, capacity 35422K, committed 35496K, reserved 1079296K
  class space    used 4405K, capacity 4807K, committed 4864K, reserved 1048576K
}

Deoptimization events (10 events):
Event: 12.164 Thread 0x0000000018916000 Uncommon trap: reason=unstable_if action=reinterpret pc=0x0000000002554dfc method=java.lang.CharacterDataLatin1.isWhitespace(I)Z @ 14
Event: 12.180 Thread 0x0000000018916000 Uncommon trap: reason=unstable_if action=reinterpret pc=0x0000000002503a6c method=java.security.CodeSource.getCertificates()[Ljava/security/cert/Certificate; @ 22
Event: 12.257 Thread 0x0000000018916000 Uncommon trap: reason=unstable_if action=reinterpret pc=0x0000000002b42994 method=sun.misc.ASCIICaseInsensitiveComparator.compare(Ljava/lang/String;Ljava/lang/String;)I @ 83
Event: 14.950 Thread 0x0000000018916000 Uncommon trap: reason=unstable_if action=reinterpret pc=0x00000000024bb3fc method=java.lang.AbstractStringBuilder.append(Ljava/lang/String;)Ljava/lang/AbstractStringBuilder; @ 1
Event: 16.051 Thread 0x0000000018916000 Uncommon trap: reason=bimorphic action=maybe_recompile pc=0x000000000291f7a0 method=java.lang.ClassLoader.loadClass(Ljava/lang/String;Z)Ljava/lang/Class; @ 70
Event: 16.756 Thread 0x0000000018916000 Uncommon trap: reason=bimorphic action=maybe_recompile pc=0x000000000291f7a0 method=java.lang.ClassLoader.loadClass(Ljava/lang/String;Z)Ljava/lang/Class; @ 70
Event: 16.775 Thread 0x0000000018916000 Uncommon trap: reason=bimorphic action=maybe_recompile pc=0x000000000291f7a0 method=java.lang.ClassLoader.loadClass(Ljava/lang/String;Z)Ljava/lang/Class; @ 70
Event: 16.776 Thread 0x0000000018916000 Uncommon trap: reason=bimorphic action=maybe_recompile pc=0x000000000291f7a0 method=java.lang.ClassLoader.loadClass(Ljava/lang/String;Z)Ljava/lang/Class; @ 70
Event: 17.109 Thread 0x0000000018916000 Uncommon trap: reason=null_check action=make_not_entrant pc=0x0000000002e37e48 method=java.lang.Class.createAnnotationData(I)Ljava/lang/Class$AnnotationData; @ 14
Event: 17.497 Thread 0x0000000018916000 Uncommon trap: reason=unstable_if action=reinterpret pc=0x0000000002c53784 method=java.lang.Class$MethodArray.addIfNotPresent(Ljava/lang/reflect/Method;)V @ 19

Classes redefined (0 events):
No events

Internal exceptions (10 events):
Event: 7.147 Thread 0x0000000018916000 Exception <a 'java/lang/ClassNotFoundException': org/springframework/beans/factory/AwareCustomizer> (0x00000000da13f948) thrown at [C:\re\workspace\8-2-build-windows-amd64-cygwin\jdk8u171\10807\hotspot\src\share\vm\classfile\systemDictionary.cpp, line 210
Event: 7.148 Thread 0x0000000018916000 Implicit null exception at 0x0000000002958d8c to 0x0000000002958f0d
Event: 7.286 Thread 0x0000000018916000 Exception <a 'java/lang/NoSuchMethodError': java.lang.Object.lambda$map$1(Ljava/util/function/Function;)Ljava/util/stream/Stream;> (0x00000000da499cf0) thrown at [C:\re\workspace\8-2-build-windows-amd64-cygwin\jdk8u171\10807\hotspot\src\share\vm\interpret
Event: 7.470 Thread 0x0000000018916000 Implicit null exception at 0x0000000002b5a5c3 to 0x0000000002b5a73d
Event: 7.768 Thread 0x0000000018916000 Exception <a 'java/lang/IncompatibleClassChangeError': Found class java.lang.Object, but interface was expected> (0x00000000dabc02d8) thrown at [C:\re\workspace\8-2-build-windows-amd64-cygwin\jdk8u171\10807\hotspot\src\share\vm\interpreter\linkResolver.cp
Event: 8.853 Thread 0x0000000018916000 Exception <a 'java/io/FileNotFoundException'> (0x00000000d8a8c8a0) thrown at [C:\re\workspace\8-2-build-windows-amd64-cygwin\jdk8u171\10807\hotspot\src\share\vm\prims\jni.cpp, line 709]
Event: 9.021 Thread 0x0000000018916000 Exception <a 'java/io/FileNotFoundException'> (0x00000000d8e81ee8) thrown at [C:\re\workspace\8-2-build-windows-amd64-cygwin\jdk8u171\10807\hotspot\src\share\vm\prims\jni.cpp, line 709]
Event: 9.154 Thread 0x0000000018916000 Exception <a 'java/lang/NoSuchMethodError': java.lang.Object.lambda$static$0(Ljava/lang/Object;)Ljava/lang/Object;> (0x00000000d9134000) thrown at [C:\re\workspace\8-2-build-windows-amd64-cygwin\jdk8u171\10807\hotspot\src\share\vm\interpreter\linkResolver
Event: 10.918 Thread 0x0000000018916000 Implicit null exception at 0x00000000024fd896 to 0x00000000024fdc29
Event: 14.950 Thread 0x0000000018916000 Implicit null exception at 0x00000000024bb056 to 0x00000000024bb3e5

Events (10 events):
Event: 18.235 loading class net/bytebuddy/description/type/RecordComponentDescription
Event: 18.235 loading class net/bytebuddy/description/type/RecordComponentDescription done
Event: 18.236 loading class net/bytebuddy/jar/asm/RecordComponentVisitor
Event: 18.236 loading class net/bytebuddy/jar/asm/RecordComponentVisitor done
Event: 18.237 loading class net/bytebuddy/jar/asm/RecordComponentWriter
Event: 18.237 loading class net/bytebuddy/jar/asm/RecordComponentWriter done
Event: 18.237 loading class net/bytebuddy/jar/asm/ModuleVisitor
Event: 18.237 loading class net/bytebuddy/jar/asm/ModuleVisitor done
Event: 18.238 loading class net/bytebuddy/jar/asm/ModuleWriter
Event: 18.238 loading class net/bytebuddy/jar/asm/ModuleWriter done


Dynamic libraries:
0x00007ff652b10000 - 0x00007ff652b47000 	C:\Program Files\Java\jre1.8.0_171\bin\javaw.exe
0x00007ffdfe5c0000 - 0x00007ffdfe76a000 	C:\Windows\SYSTEM32\ntdll.dll
0x00007ffdfc890000 - 0x00007ffdfc9ca000 	C:\Windows\system32\KERNEL32.DLL
0x00007ffdfbc90000 - 0x00007ffdfbd9f000 	C:\Windows\system32\KERNELBASE.dll
0x00007ffdfa560000 - 0x00007ffdfa5e8000 	C:\Windows\system32\apphelp.dll
0x00007ffdf7f80000 - 0x00007ffdf7fcf000 	C:\Windows\AppPatch\AppPatch64\AcGenral.DLL
0x00007ffdfe230000 - 0x00007ffdfe2d7000 	C:\Windows\system32\msvcrt.dll
0x00007ffdfb710000 - 0x00007ffdfb73b000 	C:\Windows\SYSTEM32\SspiCli.dll
0x00007ffdfe1c0000 - 0x00007ffdfe211000 	C:\Windows\system32\SHLWAPI.dll
0x00007ffdfbe40000 - 0x00007ffdfbfb1000 	C:\Windows\system32\USER32.dll
0x00007ffdfc570000 - 0x00007ffdfc6e8000 	C:\Windows\system32\ole32.dll
0x00007ffdfca70000 - 0x00007ffdfde87000 	C:\Windows\system32\SHELL32.dll
0x00007ffdfaf40000 - 0x00007ffdfaf5e000 	C:\Windows\SYSTEM32\USERENV.dll
0x00007ffdfc450000 - 0x00007ffdfc4f5000 	C:\Windows\system32\ADVAPI32.dll
0x00007ffdf49e0000 - 0x00007ffdf49fb000 	C:\Windows\SYSTEM32\MPR.dll
0x00007ffdfc750000 - 0x00007ffdfc886000 	C:\Windows\system32\RPCRT4.dll
0x00007ffdfe560000 - 0x00007ffdfe5b7000 	C:\Windows\SYSTEM32\sechost.dll
0x00007ffdfc260000 - 0x00007ffdfc436000 	C:\Windows\SYSTEM32\combase.dll
0x00007ffdfbfc0000 - 0x00007ffdfc105000 	C:\Windows\system32\GDI32.dll
0x00007ffdfb930000 - 0x00007ffdfb944000 	C:\Windows\SYSTEM32\profapi.dll
0x00007ffdf9ff0000 - 0x00007ffdfa08f000 	C:\Windows\SYSTEM32\SHCORE.dll
0x00007ffdfc1c0000 - 0x00007ffdfc1f4000 	C:\Windows\system32\IMM32.DLL
0x00007ffdfe070000 - 0x00007ffdfe1a9000 	C:\Windows\system32\MSCTF.dll
0x00007ffdf99c0000 - 0x00007ffdf9c1a000 	C:\Windows\WinSxS\amd64_microsoft.windows.common-controls_6595b64144ccf1df_6.0.9600.17031_none_6242a4b3ecbb55a1\COMCTL32.dll
0x0000000069fb0000 - 0x000000006a082000 	C:\Program Files\Java\jre1.8.0_171\bin\msvcr100.dll
0x000000006b410000 - 0x000000006bcb0000 	C:\Program Files\Java\jre1.8.0_171\bin\server\jvm.dll
0x00007ffdf3ae0000 - 0x00007ffdf3ae9000 	C:\Windows\SYSTEM32\WSOCK32.dll
0x00007ffdf4a10000 - 0x00007ffdf4a2f000 	C:\Windows\SYSTEM32\WINMM.dll
0x00007ffdf3ef0000 - 0x00007ffdf3efa000 	C:\Windows\SYSTEM32\VERSION.dll
0x00007ffdfc560000 - 0x00007ffdfc567000 	C:\Windows\system32\PSAPI.DLL
0x00007ffdfc6f0000 - 0x00007ffdfc748000 	C:\Windows\system32\WS2_32.dll
0x00007ffdf3ec0000 - 0x00007ffdf3eea000 	C:\Windows\SYSTEM32\WINMMBASE.dll
0x00007ffdfe220000 - 0x00007ffdfe229000 	C:\Windows\system32\NSI.dll
0x00007ffdfbda0000 - 0x00007ffdfbdea000 	C:\Windows\SYSTEM32\cfgmgr32.dll
0x00007ffdfa7c0000 - 0x00007ffdfa7e6000 	C:\Windows\SYSTEM32\DEVOBJ.dll
0x000000006b320000 - 0x000000006b32f000 	C:\Program Files\Java\jre1.8.0_171\bin\verify.dll
0x000000006b2f0000 - 0x000000006b319000 	C:\Program Files\Java\jre1.8.0_171\bin\java.dll
0x000000006b2d0000 - 0x000000006b2e6000 	C:\Program Files\Java\jre1.8.0_171\bin\zip.dll
0x000000006aed0000 - 0x000000006aedd000 	C:\Program Files\Java\jre1.8.0_171\bin\management.dll
0x000000006b2b0000 - 0x000000006b2ca000 	C:\Program Files\Java\jre1.8.0_171\bin\net.dll
0x00007ffdfb190000 - 0x00007ffdfb1e8000 	C:\Windows\system32\mswsock.dll
0x00007ffdf3bd0000 - 0x00007ffdf3be4000 	C:\Windows\system32\napinsp.dll
0x00007ffdf3bb0000 - 0x00007ffdf3bc9000 	C:\Windows\system32\pnrpnsp.dll
0x00007ffdf76a0000 - 0x00007ffdf76b9000 	C:\Windows\system32\NLAapi.dll
0x00007ffdfafa0000 - 0x00007ffdfb043000 	C:\Windows\SYSTEM32\DNSAPI.dll
0x00007ffdf4a00000 - 0x00007ffdf4a0c000 	C:\Windows\System32\winrnr.dll
0x00007ffdf3b70000 - 0x00007ffdf3b83000 	C:\Windows\system32\wshbth.dll
0x00007ffdf3ab0000 - 0x00007ffdf3ab9000 	C:\Windows\System32\rasadhlp.dll
0x00007ffdf6b70000 - 0x00007ffdf6b99000 	C:\Windows\SYSTEM32\IPHLPAPI.DLL
0x00007ffdf6b50000 - 0x00007ffdf6b5a000 	C:\Windows\SYSTEM32\WINNSI.DLL
0x00007ffdf63a0000 - 0x00007ffdf6408000 	C:\Windows\System32\fwpuclnt.dll
0x000000006b290000 - 0x000000006b2a1000 	C:\Program Files\Java\jre1.8.0_171\bin\nio.dll
0x00007ffdfb1f0000 - 0x00007ffdfb20e000 	C:\Windows\SYSTEM32\CRYPTSP.dll
0x00007ffdfae30000 - 0x00007ffdfae65000 	C:\Windows\system32\rsaenh.dll
0x00007ffdfb420000 - 0x00007ffdfb446000 	C:\Windows\SYSTEM32\bcrypt.dll
0x00007ffdfb740000 - 0x00007ffdfb7a0000 	C:\Windows\system32\bcryptprimitives.dll
0x00007ffdfb7a0000 - 0x00007ffdfb7aa000 	C:\Windows\SYSTEM32\CRYPTBASE.dll
0x00007ffdf6370000 - 0x00007ffdf6384000 	C:\Windows\SYSTEM32\dhcpcsvc6.DLL
0x00007ffdf6880000 - 0x00007ffdf6899000 	C:\Windows\SYSTEM32\dhcpcsvc.DLL
0x000000006aee0000 - 0x000000006af04000 	C:\Program Files\Java\jre1.8.0_171\bin\sunec.dll
0x000000006a480000 - 0x000000006a48b000 	C:\Program Files\Java\jre1.8.0_171\bin\sunmscapi.dll
0x00007ffdfba00000 - 0x00007ffdfbbd7000 	C:\Windows\system32\CRYPT32.dll
0x00007ffdfb9e0000 - 0x00007ffdfb9f2000 	C:\Windows\system32\MSASN1.dll

VM Arguments:
jvm_args: -Dfile.encoding=UTF-8 
java_command: com.transport.transportApp.TransportAppApplication
java_class_path (initial): F:\TreansportApp-API\transport_backend\Transport-app\target\classes;C:\Users\anjon\.m2\repository\org\springframework\boot\spring-boot-starter-data-jpa\2.4.5\spring-boot-starter-data-jpa-2.4.5.jar;C:\Users\anjon\.m2\repository\org\springframework\boot\spring-boot-starter-aop\2.4.5\spring-boot-starter-aop-2.4.5.jar;C:\Users\anjon\.m2\repository\org\springframework\spring-aop\5.3.6\spring-aop-5.3.6.jar;C:\Users\anjon\.m2\repository\org\aspectj\aspectjweaver\1.9.6\aspectjweaver-1.9.6.jar;C:\Users\anjon\.m2\repository\org\springframework\boot\spring-boot-starter-jdbc\2.4.5\spring-boot-starter-jdbc-2.4.5.jar;C:\Users\anjon\.m2\repository\com\zaxxer\HikariCP\3.4.5\HikariCP-3.4.5.jar;C:\Users\anjon\.m2\repository\org\springframework\spring-jdbc\5.3.6\spring-jdbc-5.3.6.jar;C:\Users\anjon\.m2\repository\jakarta\transaction\jakarta.transaction-api\1.3.3\jakarta.transaction-api-1.3.3.jar;C:\Users\anjon\.m2\repository\jakarta\persistence\jakarta.persistence-api\2.2.3\jakarta.persistence-api-2.2.3.jar;C:\Users\anjon\.m2\repository\org\hibernate\hibernate-core\5.4.30.Final\hibernate-core-5.4.30.Final.jar;C:\Users\anjon\.m2\repository\org\jboss\logging\jboss-logging\3.4.1.Final\jboss-logging-3.4.1.Final.jar;C:\Users\anjon\.m2\repository\org\javassist\javassist\3.27.0-GA\javassist-3.27.0-GA.jar;C:\Users\anjon\.m2\repository\net\bytebuddy\byte-buddy\1.10.22\byte-buddy-1.10.22.jar;C:\Users\anjon\.m2\repository\antlr\antlr\2.7.7\antlr-2.7.7.jar;C:\Users\anjon\.m2\repository\org\jboss\jandex\2.2.3.Final\jandex-2.2.3.Final.jar;C:\Users\anjon\.m2\repository\com\fasterxml\classmate\1.5.1\classmate-1.5.1.jar;C:\Users\anjon\.m2\repository\org\dom4j\dom4j\2.1.3\dom4j-2.1.3.jar;C:\Users\anjon\.m2\repository\org\hibernate\common\hibernate-commons-annotations\5.1.2.Final\hibernate-commons-annotations-5.1.2.Final.jar;C:\Users\anjon\.m2\repository\org\glassfish\jaxb\jaxb-runtime\2.3.4\jaxb-runtime-2.3.4.jar;C:\Users\anjon\.m2\repository\org\glassfish\jaxb\txw2\2.3.4\t
Launcher Type: SUN_STANDARD

Environment Variables:
JAVA_HOME=C:\Program Files\Java\jdk1.8.0_171
PATH=C:/Program Files/Java/jre1.8.0_171/bin/server;C:/Program Files/Java/jre1.8.0_171/bin;C:/Program Files/Java/jre1.8.0_171/lib/amd64;F:\app\anjon\product\11.2.0\dbhome_1\bin;C:\Program Files (x86)\Common Files\Oracle\Java\javapath;C:\Windows\system32;C:\Windows;C:\Windows\System32\Wbem;C:\Windows\System32\WindowsPowerShell\v1.0\;C:\Program Files (x86)\Intel\OpenCL SDK\2.0\bin\x86;C:\Program Files (x86)\Intel\OpenCL SDK\2.0\bin\x64;C:\Program Files\Java\jdk1.8.0_171\bin;E:\LaTex\miktex\bin\x64\;F:\Nodejs\;E:\Softwares 2020\Git\cmd;C:\Program Files\MySQL\MySQL Shell 8.0\bin\;C:\Program Files\Java\jdk1.8.0_171\bin;C:\Users\anjon\AppData\Roaming\npm;C:\Users\anjon\AppData\Local\Programs\Microsoft VS Code\bin;F:\heroku\bin;E:\Softwares 2020\eclipse-jee-2020-06-R-win32-x86_64\eclipse;
USERNAME=anjon
OS=Windows_NT
PROCESSOR_IDENTIFIER=Intel64 Family 6 Model 58 Stepping 9, GenuineIntel



---------------  S Y S T E M  ---------------

OS: Windows 8.1 , 64 bit Build 9600 (6.3.9600.17056)

CPU:total 2 (initial active 2) (2 cores per cpu, 1 threads per core) family 6 model 58 stepping 9, cmov, cx8, fxsr, mmx, sse, sse2, sse3, ssse3, sse4.1, sse4.2, popcnt, clmul, erms, tsc, tscinvbit, tscinv

Memory: 4k page, physical 8281452k(1353088k free), swap 11427180k(5136k free)

vm_info: Java HotSpot(TM) 64-Bit Server VM (25.171-b11) for windows-amd64 JRE (1.8.0_171-b11), built on Mar 28 2018 16:06:12 by "java_re" with MS VC++ 10.0 (VS2010)

time: Sat Jun 26 22:33:25 2021
elapsed time: 18 seconds (0d 0h 0m 18s)

